Arguments: 
  /usr/local/bin/node /usr/local/bin/yarnpkg add --dev typescript@~4.3.5 @types/react-native@~0.67.6

PATH: 
  /opt/homebrew/bin:/opt/homebrew/sbin:/usr/local/bin:/usr/bin:/bin:/usr/sbin:/sbin:/Library/TeX/texbin:/usr/local/go/bin:/Library/Apple/usr/bin:/Applications/Postgres.app/Contents/Versions/latest/bin:/Applications/Visual Studio Code.app/Contents/Resources/app/bin

Yarn version: 
  1.22.17

Node version: 
  16.14.0

Platform: 
  darwin arm64

Trace: 
  Error: EACCES: permission denied, unlink '/Users/eloyyeluo/Documents/GitHub/cs160-rn-final-proj/node_modules/@expo/config-plugins/node_modules/.bin/semver'

npm manifest: 
  {
    "name": "cs160-rn-final-project",
    "version": "1.0.0",
    "main": "node_modules/expo/AppEntry.js",
    "scripts": {
      "start": "expo start",
      "android": "expo start --android",
      "ios": "expo start --ios",
      "web": "expo start --web",
      "eject": "expo eject"
    },
    "dependencies": {
      "@fortawesome/react-native-fontawesome": "^0.3.0",
      "@react-native-async-storage/async-storage": "~1.17.3",
      "@react-native-firebase/analytics": "^15.2.0",
      "@react-native-firebase/app": "^15.2.0",
      "@react-native-firebase/auth": "^15.2.0",
      "@react-native-firebase/firestore": "^15.2.0",
      "@react-navigation/core": "^6.2.2",
      "@react-navigation/material-bottom-tabs": "^6.2.2",
      "@react-navigation/native": "^6.0.11",
      "@react-navigation/native-stack": "^6.7.0",
      "@react-navigation/stack": "^6.2.2",
      "@types/uuid": "^8.3.4",
      "expo": "^46.0.2",
      "expo-status-bar": "^1.4.0",
      "expo-updates": "~0.14.3",
      "firebase": "^9.9.1",
      "lottie-react-native": "5.1.3",
      "mobx": "^6.6.1",
      "mobx-react": "^7.5.2",
      "react": "18.0.0",
      "react-dom": "18.0.0",
      "react-native": "0.69.3",
      "react-native-animated-nav-tab-bar": "^3.1.7",
      "react-native-chart-kit": "^6.12.0",
      "react-native-device-info": "^10.0.2",
      "react-native-elements": "^3.4.2",
      "react-native-fontawesome": "^7.0.0",
      "react-native-gesture-handler": "^2.5.0",
      "react-native-paper": "^4.12.3",
      "react-native-safe-area-context": "4.3.1",
      "react-native-screens": "^3.15.0",
      "react-native-svg": "12.3.0",
      "react-navigation": "^4.4.4",
      "styled-components": "^5.3.5"
    },
    "devDependencies": {
      "@babel/core": "^7.12.9",
      "@types/react": "~18.0.0",
      "@types/react-native": "~0.69.1",
      "typescript": "^4.6.3"
    },
    "private": true
  }

yarn manifest: 
  No manifest

Lockfile: 
  
